<?xml version="1.0" encoding="utf-8"?><testsuites><testsuite name="pytest" errors="0" failures="0" skipped="2" tests="5" time="47.558" timestamp="2021-12-16T18:08:34.585535" hostname="OLI-OMEN"><testcase classname="bumpversion" name="FLAKE8" time="0.001"><skipped type="pytest.skip" message="file(s) previously passed FLAKE8 checks">/home/olivier/dev/kairntech/pyconverters_ocrmypdf/.tox/py38/lib/python3.8/site-packages/pytest_flake8.py:116: file(s) previously passed FLAKE8 checks</skipped></testcase><testcase classname="src.pyconverters_ocrmypdf.__init__" name="FLAKE8" time="0.000"><skipped type="pytest.skip" message="file(s) previously passed FLAKE8 checks">/home/olivier/dev/kairntech/pyconverters_ocrmypdf/.tox/py38/lib/python3.8/site-packages/pytest_flake8.py:116: file(s) previously passed FLAKE8 checks</skipped></testcase><testcase classname="src.pyconverters_ocrmypdf.ocrmypdf" name="FLAKE8" time="0.087" /><testcase classname="tests.test_ocrmypdf" name="FLAKE8" time="0.043" /><testcase classname="tests.test_ocrmypdf" name="test_ocrmypdf" time="46.785" /></testsuite></testsuites>