<?xml version="1.0" encoding="utf-8"?><testsuites><testsuite name="pytest" errors="0" failures="0" skipped="4" tests="5" time="6.646" timestamp="2021-12-16T18:19:33.407627" hostname="OLI-OMEN"><testcase classname="bumpversion" name="FLAKE8" time="0.001"><skipped type="pytest.skip" message="file(s) previously passed FLAKE8 checks">/home/olivier/dev/kairntech/pyconverters_grobid/.tox/py38/lib/python3.8/site-packages/pytest_flake8.py:116: file(s) previously passed FLAKE8 checks</skipped></testcase><testcase classname="src.pyconverters_grobid.__init__" name="FLAKE8" time="0.000"><skipped type="pytest.skip" message="file(s) previously passed FLAKE8 checks">/home/olivier/dev/kairntech/pyconverters_grobid/.tox/py38/lib/python3.8/site-packages/pytest_flake8.py:116: file(s) previously passed FLAKE8 checks</skipped></testcase><testcase classname="src.pyconverters_grobid.grobid" name="FLAKE8" time="0.001"><skipped type="pytest.skip" message="file(s) previously passed FLAKE8 checks">/home/olivier/dev/kairntech/pyconverters_grobid/.tox/py38/lib/python3.8/site-packages/pytest_flake8.py:116: file(s) previously passed FLAKE8 checks</skipped></testcase><testcase classname="tests.test_grobid" name="FLAKE8" time="0.000"><skipped type="pytest.skip" message="file(s) previously passed FLAKE8 checks">/home/olivier/dev/kairntech/pyconverters_grobid/.tox/py38/lib/python3.8/site-packages/pytest_flake8.py:116: file(s) previously passed FLAKE8 checks</skipped></testcase><testcase classname="tests.test_grobid" name="test_grobid_xml" time="6.105" /></testsuite></testsuites>